# JRE version: 7.0_21-b11
# Java VM: Java HotSpot(TM) 64-Bit Server VM (23.21-b01 mixed mode windows-amd64 compressed oops)
Heap
 PSYoungGen      total 539968K, used 72031K [0x00000007d5b60000, 0x0000000800000000, 0x0000000800000000)
  eden space 512192K, 8% used [0x00000007d5b60000,0x00000007d869a2f8,0x00000007f4f90000)
  from space 27776K, 99% used [0x00000007f4f90000,0x00000007f6aada28,0x00000007f6ab0000)
  to   space 34368K, 0% used [0x00000007fde70000,0x00000007fde70000,0x0000000800000000)
 ParOldGen       total 86592K, used 35634K [0x0000000781200000, 0x0000000786690000, 0x00000007d5b60000)
  object space 86592K, 41% used [0x0000000781200000,0x00000007834cc868,0x0000000786690000)
 PSPermGen       total 70976K, used 70811K [0x000000077c000000, 0x0000000780550000, 0x0000000781200000)
  object space 70976K, 99% used [0x000000077c000000,0x0000000780526f78,0x0000000780550000)
GC Heap History (10 events):
Event: 72.169 GC heap before
{Heap before GC invocations=5 (full 0):
 PSYoungGen      total 135424K, used 135400K [0x00000007d5b60000, 0x00000007de4e0000, 0x0000000800000000)
  eden space 130048K, 100% used [0x00000007d5b60000,0x00000007dda60000,0x00000007dda60000)
  from space 5376K, 99% used [0x00000007ddfa0000,0x00000007de4da020,0x00000007de4e0000)
  to   space 5376K, 0% used [0x00000007dda60000,0x00000007dda60000,0x00000007ddfa0000)
 ParOldGen       total 86592K, used 10813K [0x0000000781200000, 0x0000000786690000, 0x00000007d5b60000)
  object space 86592K, 12% used [0x0000000781200000,0x0000000781c8f658,0x0000000786690000)
 PSPermGen       total 22592K, used 22483K [0x000000077c000000, 0x000000077d610000, 0x0000000781200000)
  object space 22592K, 99% used [0x000000077c000000,0x000000077d5f4ea0,0x000000077d610000)
Event: 72.197 GC heap after
Heap after GC invocations=5 (full 0):
 PSYoungGen      total 135424K, used 5344K [0x00000007d5b60000, 0x00000007e7f20000, 0x0000000800000000)
  eden space 130048K, 0% used [0x00000007d5b60000,0x00000007d5b60000,0x00000007dda60000)
  from space 5376K, 99% used [0x00000007dda60000,0x00000007ddf98020,0x00000007ddfa0000)
  to   space 19328K, 0% used [0x00000007e6c40000,0x00000007e6c40000,0x00000007e7f20000)
 ParOldGen       total 86592K, used 25587K [0x0000000781200000, 0x0000000786690000, 0x00000007d5b60000)
  object space 86592K, 29% used [0x0000000781200000,0x0000000782afcef8,0x0000000786690000)
 PSPermGen       total 22592K, used 22483K [0x000000077c000000, 0x000000077d610000, 0x0000000781200000)
  object space 22592K, 99% used [0x000000077c000000,0x000000077d5f4ea0,0x000000077d610000)
}
Event: 74.275 GC heap before
{Heap before GC invocations=6 (full 0):
 PSYoungGen      total 135424K, used 135392K [0x00000007d5b60000, 0x00000007e7f20000, 0x0000000800000000)
  eden space 130048K, 100% used [0x00000007d5b60000,0x00000007dda60000,0x00000007dda60000)
  from space 5376K, 99% used [0x00000007dda60000,0x00000007ddf98020,0x00000007ddfa0000)
  to   space 19328K, 0% used [0x00000007e6c40000,0x00000007e6c40000,0x00000007e7f20000)
 ParOldGen       total 86592K, used 25587K [0x0000000781200000, 0x0000000786690000, 0x00000007d5b60000)
  object space 86592K, 29% used [0x0000000781200000,0x0000000782afcef8,0x0000000786690000)
 PSPermGen       total 28352K, used 28246K [0x000000077c000000, 0x000000077dbb0000, 0x0000000781200000)
  object space 28352K, 99% used [0x000000077c000000,0x000000077db95ae8,0x000000077dbb0000)
Event: 74.302 GC heap after
Heap after GC invocations=6 (full 0):
 PSYoungGen      total 276160K, used 18735K [0x00000007d5b60000, 0x00000007e8580000, 0x0000000800000000)
  eden space 256832K, 0% used [0x00000007d5b60000,0x00000007d5b60000,0x00000007e5630000)
  from space 19328K, 96% used [0x00000007e6c40000,0x00000007e7e8bf00,0x00000007e7f20000)
  to   space 22592K, 0% used [0x00000007e5630000,0x00000007e5630000,0x00000007e6c40000)
 ParOldGen       total 86592K, used 25595K [0x0000000781200000, 0x0000000786690000, 0x00000007d5b60000)
  object space 86592K, 29% used [0x0000000781200000,0x0000000782afeef8,0x0000000786690000)
 PSPermGen       total 28352K, used 28246K [0x000000077c000000, 0x000000077dbb0000, 0x0000000781200000)
  object space 28352K, 99% used [0x000000077c000000,0x000000077db95ae8,0x000000077dbb0000)
}
Event: 77.751 GC heap before
{Heap before GC invocations=7 (full 0):
 PSYoungGen      total 276160K, used 275567K [0x00000007d5b60000, 0x00000007e8580000, 0x0000000800000000)
  eden space 256832K, 100% used [0x00000007d5b60000,0x00000007e5630000,0x00000007e5630000)
  from space 19328K, 96% used [0x00000007e6c40000,0x00000007e7e8bf00,0x00000007e7f20000)
  to   space 22592K, 0% used [0x00000007e5630000,0x00000007e5630000,0x00000007e6c40000)
 ParOldGen       total 86592K, used 25595K [0x0000000781200000, 0x0000000786690000, 0x00000007d5b60000)
  object space 86592K, 29% used [0x0000000781200000,0x0000000782afeef8,0x0000000786690000)
 PSPermGen       total 43904K, used 43864K [0x000000077c000000, 0x000000077eae0000, 0x0000000781200000)
  object space 43904K, 99% used [0x000000077c000000,0x000000077ead63e0,0x000000077eae0000)
Event: 77.782 GC heap after
Heap after GC invocations=7 (full 0):
 PSYoungGen      total 279424K, used 22094K [0x00000007d5b60000, 0x00000007f8460000, 0x0000000800000000)
  eden space 256832K, 0% used [0x00000007d5b60000,0x00000007d5b60000,0x00000007e5630000)
  from space 22592K, 97% used [0x00000007e5630000,0x00000007e6bc3b98,0x00000007e6c40000)
  to   space 26304K, 0% used [0x00000007f6ab0000,0x00000007f6ab0000,0x00000007f8460000)
 ParOldGen       total 86592K, used 27225K [0x0000000781200000, 0x0000000786690000, 0x00000007d5b60000)
  object space 86592K, 31% used [0x0000000781200000,0x0000000782c96788,0x0000000786690000)
 PSPermGen       total 43904K, used 43864K [0x000000077c000000, 0x000000077eae0000, 0x0000000781200000)
  object space 43904K, 99% used [0x000000077c000000,0x000000077ead63e0,0x000000077eae0000)
}
Event: 80.477 GC heap before
{Heap before GC invocations=8 (full 0):
 PSYoungGen      total 279424K, used 278926K [0x00000007d5b60000, 0x00000007f8460000, 0x0000000800000000)
  eden space 256832K, 100% used [0x00000007d5b60000,0x00000007e5630000,0x00000007e5630000)
  from space 22592K, 97% used [0x00000007e5630000,0x00000007e6bc3b98,0x00000007e6c40000)
  to   space 26304K, 0% used [0x00000007f6ab0000,0x00000007f6ab0000,0x00000007f8460000)
 ParOldGen       total 86592K, used 27225K [0x0000000781200000, 0x0000000786690000, 0x00000007d5b60000)
  object space 86592K, 31% used [0x0000000781200000,0x0000000782c96788,0x0000000786690000)
 PSPermGen       total 53696K, used 53681K [0x000000077c000000, 0x000000077f470000, 0x0000000781200000)
  object space 53696K, 99% used [0x000000077c000000,0x000000077f46c438,0x000000077f470000)
Event: 80.530 GC heap after
Heap after GC invocations=8 (full 0):
 PSYoungGen      total 538496K, used 20204K [0x00000007d5b60000, 0x00000007f8740000, 0x0000000800000000)
  eden space 512192K, 0% used [0x00000007d5b60000,0x00000007d5b60000,0x00000007f4f90000)
  from space 26304K, 76% used [0x00000007f6ab0000,0x00000007f7e6b020,0x00000007f8460000)
  to   space 27776K, 0% used [0x00000007f4f90000,0x00000007f4f90000,0x00000007f6ab0000)
 ParOldGen       total 86592K, used 29393K [0x0000000781200000, 0x0000000786690000, 0x00000007d5b60000)
  object space 86592K, 33% used [0x0000000781200000,0x0000000782eb4788,0x0000000786690000)
 PSPermGen       total 53696K, used 53681K [0x000000077c000000, 0x000000077f470000, 0x0000000781200000)
  object space 53696K, 99% used [0x000000077c000000,0x000000077f46c438,0x000000077f470000)
}
Event: 85.940 GC heap before
{Heap before GC invocations=9 (full 0):
 PSYoungGen      total 538496K, used 532396K [0x00000007d5b60000, 0x00000007f8740000, 0x0000000800000000)
  eden space 512192K, 100% used [0x00000007d5b60000,0x00000007f4f90000,0x00000007f4f90000)
  from space 26304K, 76% used [0x00000007f6ab0000,0x00000007f7e6b020,0x00000007f8460000)
  to   space 27776K, 0% used [0x00000007f4f90000,0x00000007f4f90000,0x00000007f6ab0000)
 ParOldGen       total 86592K, used 29393K [0x0000000781200000, 0x0000000786690000, 0x00000007d5b60000)
  object space 86592K, 33% used [0x0000000781200000,0x0000000782eb4788,0x0000000786690000)
 PSPermGen       total 68288K, used 68194K [0x000000077c000000, 0x00000007802b0000, 0x0000000781200000)
  object space 68288K, 99% used [0x000000077c000000,0x00000007802989a0,0x00000007802b0000)
Event: 85.996 GC heap after
Heap after GC invocations=9 (full 0):
 PSYoungGen      total 539968K, used 27766K [0x00000007d5b60000, 0x0000000800000000, 0x0000000800000000)
  eden space 512192K, 0% used [0x00000007d5b60000,0x00000007d5b60000,0x00000007f4f90000)
  from space 27776K, 99% used [0x00000007f4f90000,0x00000007f6aada28,0x00000007f6ab0000)
  to   space 34368K, 0% used [0x00000007fde70000,0x00000007fde70000,0x0000000800000000)
 ParOldGen       total 86592K, used 35634K [0x0000000781200000, 0x0000000786690000, 0x00000007d5b60000)
  object space 86592K, 41% used [0x0000000781200000,0x00000007834cc868,0x0000000786690000)
 PSPermGen       total 68288K, used 68194K [0x000000077c000000, 0x00000007802b0000, 0x0000000781200000)
  object space 68288K, 99% used [0x000000077c000000,0x00000007802989a0,0x00000007802b0000)
}

